<?xml version="1.0" encoding="UTF-8"?>
<testsuite xmlns:xsi="http://www.w3.org/2001/XMLSchema-instance" xsi:noNamespaceSchemaLocation="https://maven.apache.org/surefire/maven-surefire-plugin/xsd/surefire-test-report-3.0.xsd" version="3.0" name="com.chronos.scheduler.publisher.OutboxPublisherTest" time="11.259" tests="8" errors="0" skipped="0" failures="0">
  <properties>
[...]
</properties>
  <testcase name="testDuplicatePublisherProcessingDoesNotCreateDuplicateJobEvents" classname="com.chronos.scheduler.publisher.OutboxPublisherTest" time="0.512">
    <system-out><![CDATA[12:20:19.730 [main] INFO org.springframework.test.context.support.AnnotationConfigContextLoaderUtils -- Could not detect default configuration classes for test class [com.chronos.scheduler.publisher.OutboxPublisherTest]: OutboxPublisherTest does not declare any static, non-private, non-final, nested classes annotated with @Configuration.
12:20:19.868 [main] INFO org.springframework.boot.test.context.SpringBootTestContextBootstrapper -- Found @SpringBootConfiguration com.chronos.scheduler.SchedulerServiceApplication for test class com.chronos.scheduler.publisher.OutboxPublisherTest

  .   ____          _            __ _ _
 /\\ / ___'_ __ _ _(_)_ __  __ _ \ \ \ \
( ( )\___ | '_ | '_| | '_ \/ _` | \ \ \ \
 \\/  ___)| |_)| | | | | || (_| |  ) ) ) )
  '  |____| .__|_| |_|_| |_\__, | / / / /
 =========|_|==============|___/=/_/_/_/

 :: Spring Boot ::                (v3.3.2)

2026-08-17T12:20:20.446+05:30  INFO 18176 --- [scheduler-service] [           main] c.c.s.publisher.OutboxPublisherTest      : Starting OutboxPublisherTest using Java 21.0.11 with PID 18176 (started by naajis in C:\chronos\backend\scheduler-service)
2026-08-17T12:20:20.454+05:30  INFO 18176 --- [scheduler-service] [           main] c.c.s.publisher.OutboxPublisherTest      : The following 1 profile is active: "test"
2026-08-17T12:20:21.844+05:30  INFO 18176 --- [scheduler-service] [           main] .s.d.r.c.RepositoryConfigurationDelegate : Multiple Spring Data modules found, entering strict repository configuration mode
2026-08-17T12:20:21.849+05:30  INFO 18176 --- [scheduler-service] [           main] .s.d.r.c.RepositoryConfigurationDelegate : Bootstrapping Spring Data JPA repositories in DEFAULT mode.
2026-08-17T12:20:22.051+05:30  INFO 18176 --- [scheduler-service] [           main] .s.d.r.c.RepositoryConfigurationDelegate : Finished Spring Data repository scanning in 191 ms. Found 2 JPA repository interfaces.
2026-08-17T12:20:22.084+05:30  INFO 18176 --- [scheduler-service] [           main] .s.d.r.c.RepositoryConfigurationDelegate : Multiple Spring Data modules found, entering strict repository configuration mode
2026-08-17T12:20:22.084+05:30  INFO 18176 --- [scheduler-service] [           main] .s.d.r.c.RepositoryConfigurationDelegate : Bootstrapping Spring Data Redis repositories in DEFAULT mode.
2026-08-17T12:20:22.105+05:30  INFO 18176 --- [scheduler-service] [           main] .RepositoryConfigurationExtensionSupport : Spring Data Redis - Could not safely identify store assignment for repository candidate interface com.chronos.scheduler.repository.JobRepository; If you want this repository to be a Redis repository, consider annotating your entities with one of these annotations: org.springframework.data.redis.core.RedisHash (preferred), or consider extending one of the following types with your repository: org.springframework.data.keyvalue.repository.KeyValueRepository
2026-08-17T12:20:22.106+05:30  INFO 18176 --- [scheduler-service] [           main] .RepositoryConfigurationExtensionSupport : Spring Data Redis - Could not safely identify store assignment for repository candidate interface com.chronos.scheduler.repository.OutboxRepository; If you want this repository to be a Redis repository, consider annotating your entities with one of these annotations: org.springframework.data.redis.core.RedisHash (preferred), or consider extending one of the following types with your repository: org.springframework.data.keyvalue.repository.KeyValueRepository
2026-08-17T12:20:22.106+05:30  INFO 18176 --- [scheduler-service] [           main] .s.d.r.c.RepositoryConfigurationDelegate : Finished Spring Data repository scanning in 9 ms. Found 0 Redis repository interfaces.
2026-08-17T12:20:23.395+05:30  INFO 18176 --- [scheduler-service] [           main] o.hibernate.jpa.internal.util.LogHelper  : HHH000204: Processing PersistenceUnitInfo [name: default]
2026-08-17T12:20:23.526+05:30  INFO 18176 --- [scheduler-service] [           main] org.hibernate.Version                    : HHH000412: Hibernate ORM core version 6.5.2.Final
2026-08-17T12:20:23.573+05:30  INFO 18176 --- [scheduler-service] [           main] o.h.c.internal.RegionFactoryInitiator    : HHH000026: Second-level cache disabled
2026-08-17T12:20:23.797+05:30  INFO 18176 --- [scheduler-service] [           main] o.s.o.j.p.SpringPersistenceUnitInfo      : No LoadTimeWeaver setup: ignoring JPA class transformer
2026-08-17T12:20:23.843+05:30  INFO 18176 --- [scheduler-service] [           main] com.zaxxer.hikari.HikariDataSource       : HikariPool-1 - Starting...
2026-08-17T12:20:24.128+05:30  INFO 18176 --- [scheduler-service] [           main] com.zaxxer.hikari.pool.HikariPool        : HikariPool-1 - Added connection conn0: url=jdbc:h2:mem:schedulerdb user=SA
2026-08-17T12:20:24.142+05:30  INFO 18176 --- [scheduler-service] [           main] com.zaxxer.hikari.HikariDataSource       : HikariPool-1 - Start completed.
2026-08-17T12:20:24.186+05:30  WARN 18176 --- [scheduler-service] [           main] org.hibernate.orm.deprecation            : HHH90000025: H2Dialect does not need to be specified explicitly using 'hibernate.dialect' (remove the property setting and it will be selected by default)
2026-08-17T12:20:25.195+05:30  INFO 18176 --- [scheduler-service] [           main] o.h.e.t.j.p.i.JtaPlatformInitiator       : HHH000489: No JTA platform available (set 'hibernate.transaction.jta.platform' to enable JTA platform integration)
2026-08-17T12:20:25.210+05:30  INFO 18176 --- [scheduler-service] [           main] j.LocalContainerEntityManagerFactoryBean : Initialized JPA EntityManagerFactory for persistence unit 'default'
2026-08-17T12:20:25.630+05:30  INFO 18176 --- [scheduler-service] [           main] o.s.d.j.r.query.QueryEnhancerFactory     : Hibernate is in classpath; If applicable, HQL parser will be used.
2026-08-17T12:20:28.911+05:30  INFO 18176 --- [scheduler-service] [           main] o.s.b.a.e.web.EndpointLinksResolver      : Exposing 3 endpoints beneath base path '/actuator'
2026-08-17T12:20:29.326+05:30  INFO 18176 --- [scheduler-service] [           main] o.a.k.clients.consumer.ConsumerConfig    : ConsumerConfig values: 
	allow.auto.create.topics = true
	auto.commit.interval.ms = 5000
	auto.include.jmx.reporter = true
	auto.offset.reset = earliest
	bootstrap.servers = [localhost:9092]
	check.crcs = true
	client.dns.lookup = use_all_dns_ips
	client.id = consumer-chronos-scheduler-test-consumer-1
	client.rack = 
	connections.max.idle.ms = 540000
	default.api.timeout.ms = 60000
	enable.auto.commit = false
	enable.metrics.push = true
	exclude.internal.topics = true
	fetch.max.bytes = 52428800
	fetch.max.wait.ms = 500
	fetch.min.bytes = 1
	group.id = chronos-scheduler-test-consumer
	group.instance.id = null
	group.protocol = classic
	group.remote.assignor = null
	heartbeat.interval.ms = 3000
	interceptor.classes = []
	internal.leave.group.on.close = true
	internal.throw.on.fetch.stable.offset.unsupported = false
	isolation.level = read_uncommitted
	key.deserializer = class org.apache.kafka.common.serialization.StringDeserializer
	max.partition.fetch.bytes = 1048576
	max.poll.interval.ms = 300000
	max.poll.records = 500
	metadata.max.age.ms = 300000
	metric.reporters = []
	metrics.num.samples = 2
	metrics.recording.level = INFO
	metrics.sample.window.ms = 30000
	partition.assignment.strategy = [class org.apache.kafka.clients.consumer.RangeAssignor, class org.apache.kafka.clients.consumer.CooperativeStickyAssignor]
	receive.buffer.bytes = 65536
	reconnect.backoff.max.ms = 1000
	reconnect.backoff.ms = 50
	request.timeout.ms = 30000
	retry.backoff.max.ms = 1000
	retry.backoff.ms = 100
	sasl.client.callback.handler.class = null
	sasl.jaas.config = null
	sasl.kerberos.kinit.cmd = /usr/bin/kinit
	sasl.kerberos.min.time.before.relogin = 60000
	sasl.kerberos.service.name = null
	sasl.kerberos.ticket.renew.jitter = 0.05
	sasl.kerberos.ticket.renew.window.factor = 0.8
	sasl.login.callback.handler.class = null
	sasl.login.class = null
	sasl.login.connect.timeout.ms = null
	sasl.login.read.timeout.ms = null
	sasl.login.refresh.buffer.seconds = 300
	sasl.login.refresh.min.period.seconds = 60
	sasl.login.refresh.window.factor = 0.8
	sasl.login.refresh.window.jitter = 0.05
	sasl.login.retry.backoff.max.ms = 10000
	sasl.login.retry.backoff.ms = 100
	sasl.mechanism = GSSAPI
	sasl.oauthbearer.clock.skew.seconds = 30
	sasl.oauthbearer.expected.audience = null
	sasl.oauthbearer.expected.issuer = null
	sasl.oauthbearer.jwks.endpoint.refresh.ms = 3600000
	sasl.oauthbearer.jwks.endpoint.retry.backoff.max.ms = 10000
	sasl.oauthbearer.jwks.endpoint.retry.backoff.ms = 100
	sasl.oauthbearer.jwks.endpoint.url = null
	sasl.oauthbearer.scope.claim.name = scope
	sasl.oauthbearer.sub.claim.name = sub
	sasl.oauthbearer.token.endpoint.url = null
	security.protocol = PLAINTEXT
	security.providers = null
	send.buffer.bytes = 131072
	session.timeout.ms = 45000
	socket.connection.setup.timeout.max.ms = 30000
	socket.connection.setup.timeout.ms = 10000
	ssl.cipher.suites = null
	ssl.enabled.protocols = [TLSv1.2, TLSv1.3]
	ssl.endpoint.identification.algorithm = https
	ssl.engine.factory.class = null
	ssl.key.password = null
	ssl.keymanager.algorithm = SunX509
	ssl.keystore.certificate.chain = null
	ssl.keystore.key = null
	ssl.keystore.location = null
	ssl.keystore.password = null
	ssl.keystore.type = JKS
	ssl.protocol = TLSv1.3
	ssl.provider = null
	ssl.secure.random.implementation = null
	ssl.trustmanager.algorithm = PKIX
	ssl.truststore.certificates = null
	ssl.truststore.location = null
	ssl.truststore.password = null
	ssl.truststore.type = JKS
	value.deserializer = class org.springframework.kafka.support.serializer.JsonDeserializer

2026-08-17T12:20:29.424+05:30  INFO 18176 --- [scheduler-service] [           main] o.a.k.c.t.i.KafkaMetricsCollector        : initializing Kafka metrics collector
2026-08-17T12:20:29.781+05:30  INFO 18176 --- [scheduler-service] [           main] o.a.kafka.common.utils.AppInfoParser     : Kafka version: 3.7.1
2026-08-17T12:20:29.781+05:30  INFO 18176 --- [scheduler-service] [           main] o.a.kafka.common.utils.AppInfoParser     : Kafka commitId: e2494e6ffb89f828
2026-08-17T12:20:29.782+05:30  INFO 18176 --- [scheduler-service] [           main] o.a.kafka.common.utils.AppInfoParser     : Kafka startTimeMs: 1786949429778
2026-08-17T12:20:29.799+05:30  INFO 18176 --- [scheduler-service] [           main] o.a.k.c.c.internals.LegacyKafkaConsumer  : [Consumer clientId=consumer-chronos-scheduler-test-consumer-1, groupId=chronos-scheduler-test-consumer] Subscribed to topic(s): job.triggered
2026-08-17T12:20:29.832+05:30  INFO 18176 --- [scheduler-service] [           main] c.c.s.publisher.OutboxPublisherTest      : Started OutboxPublisherTest in 9.767 seconds (process running for 12.281)
2026-08-17T12:20:30.133+05:30  INFO 18176 --- [scheduler-service] [           main] c.c.s.service.SingleJobProcessor         : Scheduler detected due job: jobId=35ed8f8a-56cf-4301-b7d8-3898fa630579, organizationId=934db8db-e8f4-4e80-b21a-70657c677533, previousNextRunAt=2026-08-17T06:45:30.011611Z
2026-08-17T12:20:30.142+05:30  INFO 18176 --- [scheduler-service] [           main] c.c.s.service.SingleJobProcessor         : Scheduler successfully updated job schedule: jobId=35ed8f8a-56cf-4301-b7d8-3898fa630579, organizationId=934db8db-e8f4-4e80-b21a-70657c677533, previousNextRunAt=2026-08-17T06:45:30.011611Z, nextRunAt=2026-08-17T06:55:00Z
2026-08-17T12:20:30.228+05:30  INFO 18176 --- [scheduler-service] [           main] c.c.s.service.SingleJobProcessor         : Transactional outbox event created in DB: eventId=fa6e8f7c-b1d0-45fd-b3bf-8c3fef70a205, jobId=35ed8f8a-56cf-4301-b7d8-3898fa630579
2026-08-17T12:20:30.349+05:30  INFO 18176 --- [scheduler-service] [           main] c.c.scheduler.service.OutboxService      : Outbox event marked as PUBLISHED: eventId=fa6e8f7c-b1d0-45fd-b3bf-8c3fef70a205
]]></system-out>
  </testcase>
  <testcase name="testConcurrentPublishersCannotProcessSameEventSimultaneously" classname="com.chronos.scheduler.publisher.OutboxPublisherTest" time="0.053">
    <system-out><![CDATA[2026-08-17T12:20:30.411+05:30  INFO 18176 --- [scheduler-service] [ntainer#0-0-C-1] org.apache.kafka.clients.NetworkClient   : [Consumer clientId=consumer-chronos-scheduler-test-consumer-1, groupId=chronos-scheduler-test-consumer] Node -1 disconnected.
2026-08-17T12:20:30.414+05:30  WARN 18176 --- [scheduler-service] [ntainer#0-0-C-1] org.apache.kafka.clients.NetworkClient   : [Consumer clientId=consumer-chronos-scheduler-test-consumer-1, groupId=chronos-scheduler-test-consumer] Connection to node -1 (localhost/127.0.0.1:9092) could not be established. Node may not be available.
2026-08-17T12:20:30.415+05:30  WARN 18176 --- [scheduler-service] [ntainer#0-0-C-1] org.apache.kafka.clients.NetworkClient   : [Consumer clientId=consumer-chronos-scheduler-test-consumer-1, groupId=chronos-scheduler-test-consumer] Bootstrap broker localhost:9092 (id: -1 rack: null) disconnected
2026-08-17T12:20:30.416+05:30  INFO 18176 --- [scheduler-service] [           main] c.c.s.service.SingleJobProcessor         : Scheduler detected due job: jobId=942f0d3e-e51e-49b8-a9a6-19e5caf03e99, organizationId=b1085bd4-ed0a-4559-ba34-18683c2ef4f4, previousNextRunAt=2026-08-17T06:45:30.407861Z
2026-08-17T12:20:30.419+05:30  INFO 18176 --- [scheduler-service] [           main] c.c.s.service.SingleJobProcessor         : Scheduler successfully updated job schedule: jobId=942f0d3e-e51e-49b8-a9a6-19e5caf03e99, organizationId=b1085bd4-ed0a-4559-ba34-18683c2ef4f4, previousNextRunAt=2026-08-17T06:45:30.407861Z, nextRunAt=2026-08-17T06:55:00Z
2026-08-17T12:20:30.424+05:30  INFO 18176 --- [scheduler-service] [           main] c.c.s.service.SingleJobProcessor         : Transactional outbox event created in DB: eventId=944abb65-d61d-4a7f-8c38-121731f0177a, jobId=942f0d3e-e51e-49b8-a9a6-19e5caf03e99
]]></system-out>
  </testcase>
  <testcase name="testKafkaAvailableEventPublishedAndOutboxMarkedPublished" classname="com.chronos.scheduler.publisher.OutboxPublisherTest" time="0.065">
    <system-out><![CDATA[2026-08-17T12:20:30.468+05:30  INFO 18176 --- [scheduler-service] [           main] c.c.s.service.SingleJobProcessor         : Scheduler detected due job: jobId=03d7b1c8-aee4-4b83-b051-76d17ccc6fbb, organizationId=6e90cb9a-370d-4cbb-9c8d-8d419ab5e392, previousNextRunAt=2026-08-17T06:45:30.459985Z
2026-08-17T12:20:30.473+05:30  INFO 18176 --- [scheduler-service] [           main] c.c.s.service.SingleJobProcessor         : Scheduler successfully updated job schedule: jobId=03d7b1c8-aee4-4b83-b051-76d17ccc6fbb, organizationId=6e90cb9a-370d-4cbb-9c8d-8d419ab5e392, previousNextRunAt=2026-08-17T06:45:30.459985Z, nextRunAt=2026-08-17T06:55:00Z
2026-08-17T12:20:30.477+05:30  INFO 18176 --- [scheduler-service] [           main] c.c.s.service.SingleJobProcessor         : Transactional outbox event created in DB: eventId=6e346068-b194-4097-a433-acf50d85cc88, jobId=03d7b1c8-aee4-4b83-b051-76d17ccc6fbb
2026-08-17T12:20:30.496+05:30  INFO 18176 --- [scheduler-service] [           main] c.c.scheduler.service.OutboxService      : Outbox event marked as PUBLISHED: eventId=6e346068-b194-4097-a433-acf50d85cc88
]]></system-out>
  </testcase>
  <testcase name="testKafkaUnavailableOutboxRemainsPending" classname="com.chronos.scheduler.publisher.OutboxPublisherTest" time="0.075">
    <system-out><![CDATA[2026-08-17T12:20:30.537+05:30  INFO 18176 --- [scheduler-service] [           main] c.c.s.service.SingleJobProcessor         : Scheduler detected due job: jobId=e6fbe757-4642-4b50-b31f-11b6e6967682, organizationId=fb4cf4fd-192e-478a-81df-9238f08a9f10, previousNextRunAt=2026-08-17T06:45:30.527805Z
2026-08-17T12:20:30.541+05:30  INFO 18176 --- [scheduler-service] [           main] c.c.s.service.SingleJobProcessor         : Scheduler successfully updated job schedule: jobId=e6fbe757-4642-4b50-b31f-11b6e6967682, organizationId=fb4cf4fd-192e-478a-81df-9238f08a9f10, previousNextRunAt=2026-08-17T06:45:30.527805Z, nextRunAt=2026-08-17T06:55:00Z
2026-08-17T12:20:30.543+05:30  INFO 18176 --- [scheduler-service] [ntainer#0-0-C-1] org.apache.kafka.clients.NetworkClient   : [Consumer clientId=consumer-chronos-scheduler-test-consumer-1, groupId=chronos-scheduler-test-consumer] Node -1 disconnected.
2026-08-17T12:20:30.543+05:30  WARN 18176 --- [scheduler-service] [ntainer#0-0-C-1] org.apache.kafka.clients.NetworkClient   : [Consumer clientId=consumer-chronos-scheduler-test-consumer-1, groupId=chronos-scheduler-test-consumer] Connection to node -1 (localhost/127.0.0.1:9092) could not be established. Node may not be available.
2026-08-17T12:20:30.543+05:30  WARN 18176 --- [scheduler-service] [ntainer#0-0-C-1] org.apache.kafka.clients.NetworkClient   : [Consumer clientId=consumer-chronos-scheduler-test-consumer-1, groupId=chronos-scheduler-test-consumer] Bootstrap broker localhost:9092 (id: -1 rack: null) disconnected
2026-08-17T12:20:30.543+05:30  INFO 18176 --- [scheduler-service] [           main] c.c.s.service.SingleJobProcessor         : Transactional outbox event created in DB: eventId=4e4b394d-fa55-469a-b665-2f2c9610c60a, jobId=e6fbe757-4642-4b50-b31f-11b6e6967682
2026-08-17T12:20:30.563+05:30  WARN 18176 --- [scheduler-service] [           main] c.c.scheduler.publisher.OutboxPublisher  : Failed to publish outbox eventId=4e4b394d-fa55-469a-b665-2f2c9610c60a: Kafka cluster unreachable. Leaving event pending for retry.
2026-08-17T12:20:30.571+05:30  WARN 18176 --- [scheduler-service] [           main] c.c.scheduler.service.OutboxService      : Outbox event publication failed, reset to PENDING: eventId=4e4b394d-fa55-469a-b665-2f2c9610c60a, error=Kafka cluster unreachable
]]></system-out>
  </testcase>
  <testcase name="testKafkaComesBackPendingEventEventuallyPublished" classname="com.chronos.scheduler.publisher.OutboxPublisherTest" time="0.085">
    <system-out><![CDATA[2026-08-17T12:20:30.617+05:30  INFO 18176 --- [scheduler-service] [           main] c.c.s.service.SingleJobProcessor         : Scheduler detected due job: jobId=d7d34392-4056-4b1e-9283-69a3296040eb, organizationId=c4fc3c32-9909-437a-a399-72e3e8c1b2c8, previousNextRunAt=2026-08-17T06:45:30.609112Z
2026-08-17T12:20:30.622+05:30  INFO 18176 --- [scheduler-service] [           main] c.c.s.service.SingleJobProcessor         : Scheduler successfully updated job schedule: jobId=d7d34392-4056-4b1e-9283-69a3296040eb, organizationId=c4fc3c32-9909-437a-a399-72e3e8c1b2c8, previousNextRunAt=2026-08-17T06:45:30.609112Z, nextRunAt=2026-08-17T06:55:00Z
2026-08-17T12:20:30.626+05:30  INFO 18176 --- [scheduler-service] [           main] c.c.s.service.SingleJobProcessor         : Transactional outbox event created in DB: eventId=56e4cfe8-0b57-4a96-bd6f-10f72226956f, jobId=d7d34392-4056-4b1e-9283-69a3296040eb
2026-08-17T12:20:30.644+05:30  WARN 18176 --- [scheduler-service] [           main] c.c.scheduler.publisher.OutboxPublisher  : Failed to publish outbox eventId=56e4cfe8-0b57-4a96-bd6f-10f72226956f: Kafka connection refused. Leaving event pending for retry.
2026-08-17T12:20:30.649+05:30  WARN 18176 --- [scheduler-service] [           main] c.c.scheduler.service.OutboxService      : Outbox event publication failed, reset to PENDING: eventId=56e4cfe8-0b57-4a96-bd6f-10f72226956f, error=Kafka connection refused
2026-08-17T12:20:30.660+05:30  INFO 18176 --- [scheduler-service] [ntainer#0-0-C-1] org.apache.kafka.clients.NetworkClient   : [Consumer clientId=consumer-chronos-scheduler-test-consumer-1, groupId=chronos-scheduler-test-consumer] Node -1 disconnected.
2026-08-17T12:20:30.662+05:30  WARN 18176 --- [scheduler-service] [ntainer#0-0-C-1] org.apache.kafka.clients.NetworkClient   : [Consumer clientId=consumer-chronos-scheduler-test-consumer-1, groupId=chronos-scheduler-test-consumer] Connection to node -1 (localhost/127.0.0.1:9092) could not be established. Node may not be available.
2026-08-17T12:20:30.662+05:30  WARN 18176 --- [scheduler-service] [ntainer#0-0-C-1] org.apache.kafka.clients.NetworkClient   : [Consumer clientId=consumer-chronos-scheduler-test-consumer-1, groupId=chronos-scheduler-test-consumer] Bootstrap broker localhost:9092 (id: -1 rack: null) disconnected
2026-08-17T12:20:30.671+05:30  INFO 18176 --- [scheduler-service] [           main] c.c.scheduler.service.OutboxService      : Outbox event marked as PUBLISHED: eventId=56e4cfe8-0b57-4a96-bd6f-10f72226956f
]]></system-out>
  </testcase>
  <testcase name="testPublisherRestartPendingEventsAreNotLost" classname="com.chronos.scheduler.publisher.OutboxPublisherTest" time="0.054">
    <system-out><![CDATA[2026-08-17T12:20:30.697+05:30  INFO 18176 --- [scheduler-service] [           main] c.c.s.service.SingleJobProcessor         : Scheduler detected due job: jobId=ab54d7a5-be84-48b3-b8ee-dadbe466631f, organizationId=1b8350c3-534d-42e5-a8b5-0def420eec61, previousNextRunAt=2026-08-17T06:45:30.693828Z
2026-08-17T12:20:30.697+05:30  INFO 18176 --- [scheduler-service] [           main] c.c.s.service.SingleJobProcessor         : Scheduler successfully updated job schedule: jobId=ab54d7a5-be84-48b3-b8ee-dadbe466631f, organizationId=1b8350c3-534d-42e5-a8b5-0def420eec61, previousNextRunAt=2026-08-17T06:45:30.693828Z, nextRunAt=2026-08-17T06:55:00Z
2026-08-17T12:20:30.707+05:30  INFO 18176 --- [scheduler-service] [           main] c.c.s.service.SingleJobProcessor         : Transactional outbox event created in DB: eventId=a1b347c2-5e57-4095-9d1e-7afdd6e56640, jobId=ab54d7a5-be84-48b3-b8ee-dadbe466631f
2026-08-17T12:20:30.716+05:30  INFO 18176 --- [scheduler-service] [           main] c.c.scheduler.service.OutboxService      : Outbox event marked as PUBLISHED: eventId=a1b347c2-5e57-4095-9d1e-7afdd6e56640
]]></system-out>
  </testcase>
  <testcase name="testSuccessfulJobClaimCreatesExactlyOneOutboxEvent" classname="com.chronos.scheduler.publisher.OutboxPublisherTest" time="0.029">
    <system-out><![CDATA[2026-08-17T12:20:30.748+05:30  INFO 18176 --- [scheduler-service] [   scheduling-1] c.c.s.service.SchedulerLockService       : Scheduler instance 872a6d99-7402-4f66-83e7-ca8ac85550b4 acquired leader lock 'scheduler:lock' (TTL: 10s)
2026-08-17T12:20:30.751+05:30  INFO 18176 --- [scheduler-service] [           main] c.c.s.service.SingleJobProcessor         : Scheduler detected due job: jobId=f559b0c0-5ad2-4cf5-b7f5-ee148b1f4374, organizationId=df4fe60f-6ab4-4da9-9679-710a03b33e34, previousNextRunAt=2026-08-17T06:45:30.750608Z
2026-08-17T12:20:30.751+05:30  INFO 18176 --- [scheduler-service] [           main] c.c.s.service.SingleJobProcessor         : Scheduler successfully updated job schedule: jobId=f559b0c0-5ad2-4cf5-b7f5-ee148b1f4374, organizationId=df4fe60f-6ab4-4da9-9679-710a03b33e34, previousNextRunAt=2026-08-17T06:45:30.750608Z, nextRunAt=2026-08-17T06:55:00Z
2026-08-17T12:20:30.760+05:30  INFO 18176 --- [scheduler-service] [           main] c.c.s.service.SingleJobProcessor         : Transactional outbox event created in DB: eventId=00689973-d631-40c1-a4d1-34f0adfe5339, jobId=f559b0c0-5ad2-4cf5-b7f5-ee148b1f4374
]]></system-out>
  </testcase>
  <testcase name="testTransactionRollbackLeavesNoJobUpdateAndNoOutboxEvent" classname="com.chronos.scheduler.publisher.OutboxPublisherTest" time="0.06"/>
</testsuite>