<?xml version="1.0" encoding="UTF-8"?>
<testsuite xmlns:xsi="http://www.w3.org/2001/XMLSchema-instance" xsi:noNamespaceSchemaLocation="https://maven.apache.org/surefire/maven-surefire-plugin/xsd/surefire-test-report-3.0.xsd" version="3.0" name="com.chronos.auth.AuthServiceIntegrationTest" time="10.802" tests="2" errors="0" skipped="0" failures="0">
  <properties>
[...]
</properties>
  <testcase name="testMultipleLogins_SameUser" classname="com.chronos.auth.AuthServiceIntegrationTest" time="1.566">
    <system-out><![CDATA[23:42:26.011 [main] INFO org.springframework.test.context.support.AnnotationConfigContextLoaderUtils -- Could not detect default configuration classes for test class [com.chronos.auth.AuthServiceIntegrationTest]: AuthServiceIntegrationTest does not declare any static, non-private, non-final, nested classes annotated with @Configuration.
23:42:26.162 [main] INFO org.springframework.boot.test.context.SpringBootTestContextBootstrapper -- Found @SpringBootConfiguration com.chronos.auth.AuthServiceApplication for test class com.chronos.auth.AuthServiceIntegrationTest

  .   ____          _            __ _ _
 /\\ / ___'_ __ _ _(_)_ __  __ _ \ \ \ \
( ( )\___ | '_ | '_| | '_ \/ _` | \ \ \ \
 \\/  ___)| |_)| | | | | || (_| |  ) ) ) )
  '  |____| .__|_| |_|_| |_\__, | / / / /
 =========|_|==============|___/=/_/_/_/

 :: Spring Boot ::                (v3.3.2)

2026-08-12T23:42:26.752+05:30  INFO 10008 --- [auth-service] [           main] c.c.auth.AuthServiceIntegrationTest      : Starting AuthServiceIntegrationTest using Java 21.0.11 with PID 10008 (started by naajis in C:\chronos\backend\auth-service)
2026-08-12T23:42:26.752+05:30  INFO 10008 --- [auth-service] [           main] c.c.auth.AuthServiceIntegrationTest      : The following 1 profile is active: "test"
2026-08-12T23:42:27.619+05:30  INFO 10008 --- [auth-service] [           main] .s.d.r.c.RepositoryConfigurationDelegate : Bootstrapping Spring Data JPA repositories in DEFAULT mode.
2026-08-12T23:42:27.695+05:30  INFO 10008 --- [auth-service] [           main] .s.d.r.c.RepositoryConfigurationDelegate : Finished Spring Data repository scanning in 70 ms. Found 3 JPA repository interfaces.
2026-08-12T23:42:29.329+05:30  INFO 10008 --- [auth-service] [           main] o.hibernate.jpa.internal.util.LogHelper  : HHH000204: Processing PersistenceUnitInfo [name: default]
2026-08-12T23:42:29.607+05:30  INFO 10008 --- [auth-service] [           main] org.hibernate.Version                    : HHH000412: Hibernate ORM core version 6.5.2.Final
2026-08-12T23:42:29.753+05:30  INFO 10008 --- [auth-service] [           main] o.h.c.internal.RegionFactoryInitiator    : HHH000026: Second-level cache disabled
2026-08-12T23:42:31.278+05:30  INFO 10008 --- [auth-service] [           main] o.s.o.j.p.SpringPersistenceUnitInfo      : No LoadTimeWeaver setup: ignoring JPA class transformer
2026-08-12T23:42:31.404+05:30  INFO 10008 --- [auth-service] [           main] com.zaxxer.hikari.HikariDataSource       : HikariPool-1 - Starting...
2026-08-12T23:42:32.162+05:30  INFO 10008 --- [auth-service] [           main] com.zaxxer.hikari.pool.HikariPool        : HikariPool-1 - Added connection conn0: url=jdbc:h2:mem:testdb user=SA
2026-08-12T23:42:32.179+05:30  INFO 10008 --- [auth-service] [           main] com.zaxxer.hikari.HikariDataSource       : HikariPool-1 - Start completed.
2026-08-12T23:42:32.288+05:30  WARN 10008 --- [auth-service] [           main] org.hibernate.orm.deprecation            : HHH90000025: H2Dialect does not need to be specified explicitly using 'hibernate.dialect' (remove the property setting and it will be selected by default)
2026-08-12T23:42:33.481+05:30  INFO 10008 --- [auth-service] [           main] o.h.e.t.j.p.i.JtaPlatformInitiator       : HHH000489: No JTA platform available (set 'hibernate.transaction.jta.platform' to enable JTA platform integration)
Hibernate: 
    drop table if exists organizations cascade 
Hibernate: 
    drop table if exists refresh_tokens cascade 
Hibernate: 
    drop table if exists users cascade 
Hibernate: 
    create table organizations (
        created_at timestamp(6) with time zone not null,
        updated_at timestamp(6) with time zone not null,
        id uuid not null,
        name varchar(255) not null unique,
        primary key (id)
    )
Hibernate: 
    create table refresh_tokens (
        expiry_date timestamp(6) with time zone not null,
        id uuid not null,
        user_id uuid not null unique,
        token varchar(255) not null unique,
        primary key (id)
    )
Hibernate: 
    create table users (
        enabled boolean not null,
        created_at timestamp(6) with time zone not null,
        updated_at timestamp(6) with time zone not null,
        id uuid not null,
        organization_id uuid not null,
        email varchar(255) not null unique,
        first_name varchar(255) not null,
        last_name varchar(255) not null,
        password varchar(255) not null,
        role enum ('ADMIN','EDITOR','OWNER','VIEWER') not null,
        primary key (id)
    )
Hibernate: 
    alter table if exists refresh_tokens 
       add constraint FK1lih5y2npsf8u5o3vhdb9y0os 
       foreign key (user_id) 
       references users
Hibernate: 
    alter table if exists users 
       add constraint FKqpugllwvyv37klq7ft9m8aqxk 
       foreign key (organization_id) 
       references organizations
2026-08-12T23:42:33.540+05:30  INFO 10008 --- [auth-service] [           main] j.LocalContainerEntityManagerFactoryBean : Initialized JPA EntityManagerFactory for persistence unit 'default'
2026-08-12T23:42:34.043+05:30  INFO 10008 --- [auth-service] [           main] r$InitializeUserDetailsManagerConfigurer : Global AuthenticationManager configured with UserDetailsService bean with name customUserDetailsService
2026-08-12T23:42:34.859+05:30  INFO 10008 --- [auth-service] [           main] c.c.auth.AuthServiceIntegrationTest      : Started AuthServiceIntegrationTest in 8.477 seconds (process running for 9.832)
Hibernate: 
    select
        rt1_0.id,
        rt1_0.expiry_date,
        rt1_0.token,
        rt1_0.user_id 
    from
        refresh_tokens rt1_0
Hibernate: 
    select
        u1_0.id,
        u1_0.created_at,
        u1_0.email,
        u1_0.enabled,
        u1_0.first_name,
        u1_0.last_name,
        u1_0.organization_id,
        u1_0.password,
        u1_0.role,
        u1_0.updated_at 
    from
        users u1_0
Hibernate: 
    select
        u1_0.id 
    from
        users u1_0 
    where
        u1_0.email=? 
    fetch
        first ? rows only
Hibernate: 
    select
        o1_0.id,
        o1_0.created_at,
        o1_0.name,
        o1_0.updated_at 
    from
        organizations o1_0 
    where
        o1_0.name=?
Hibernate: 
    select
        rt1_0.id,
        rt1_0.expiry_date,
        rt1_0.token,
        rt1_0.user_id 
    from
        refresh_tokens rt1_0 
    where
        rt1_0.user_id=?
Hibernate: 
    insert 
    into
        organizations
        (created_at, name, updated_at, id) 
    values
        (?, ?, ?, ?)
Hibernate: 
    insert 
    into
        users
        (created_at, email, enabled, first_name, last_name, organization_id, password, role, updated_at, id) 
    values
        (?, ?, ?, ?, ?, ?, ?, ?, ?, ?)
Hibernate: 
    insert 
    into
        refresh_tokens
        (expiry_date, token, user_id, id) 
    values
        (?, ?, ?, ?)
Hibernate: 
    select
        count(*) 
    from
        refresh_tokens rt1_0
Hibernate: 
    select
        u1_0.id,
        u1_0.created_at,
        u1_0.email,
        u1_0.enabled,
        u1_0.first_name,
        u1_0.last_name,
        u1_0.organization_id,
        u1_0.password,
        u1_0.role,
        u1_0.updated_at 
    from
        users u1_0 
    where
        u1_0.email=?
Hibernate: 
    select
        u1_0.id,
        u1_0.created_at,
        u1_0.email,
        u1_0.enabled,
        u1_0.first_name,
        u1_0.last_name,
        u1_0.organization_id,
        u1_0.password,
        u1_0.role,
        u1_0.updated_at 
    from
        users u1_0 
    where
        u1_0.email=?
Hibernate: 
    select
        rt1_0.id,
        rt1_0.expiry_date,
        rt1_0.token,
        rt1_0.user_id 
    from
        refresh_tokens rt1_0 
    where
        rt1_0.user_id=?
Hibernate: 
    update
        refresh_tokens 
    set
        expiry_date=?,
        token=?,
        user_id=? 
    where
        id=?
Hibernate: 
    select
        count(*) 
    from
        refresh_tokens rt1_0
Hibernate: 
    select
        u1_0.id,
        u1_0.created_at,
        u1_0.email,
        u1_0.enabled,
        u1_0.first_name,
        u1_0.last_name,
        u1_0.organization_id,
        u1_0.password,
        u1_0.role,
        u1_0.updated_at 
    from
        users u1_0 
    where
        u1_0.email=?
Hibernate: 
    select
        u1_0.id,
        u1_0.created_at,
        u1_0.email,
        u1_0.enabled,
        u1_0.first_name,
        u1_0.last_name,
        u1_0.organization_id,
        u1_0.password,
        u1_0.role,
        u1_0.updated_at 
    from
        users u1_0 
    where
        u1_0.email=?
Hibernate: 
    select
        rt1_0.id,
        rt1_0.expiry_date,
        rt1_0.token,
        rt1_0.user_id 
    from
        refresh_tokens rt1_0 
    where
        rt1_0.user_id=?
Hibernate: 
    update
        refresh_tokens 
    set
        expiry_date=?,
        token=?,
        user_id=? 
    where
        id=?
Hibernate: 
    select
        count(*) 
    from
        refresh_tokens rt1_0
]]></system-out>
    <system-err><![CDATA[WARNING: A Java agent has been loaded dynamically (C:\Users\naaji\.m2\repository\net\bytebuddy\byte-buddy-agent\1.14.18\byte-buddy-agent-1.14.18.jar)
WARNING: If a serviceability tool is in use, please run with -XX:+EnableDynamicAgentLoading to hide this warning
WARNING: If a serviceability tool is not in use, please run with -Djdk.instrument.traceUsage for more information
WARNING: Dynamic loading of agents will be disallowed by default in a future release
]]></system-err>
  </testcase>
  <testcase name="testRefreshTokenValidationAndExpiry" classname="com.chronos.auth.AuthServiceIntegrationTest" time="0.117">
    <system-out><![CDATA[Hibernate: 
    select
        rt1_0.id,
        rt1_0.expiry_date,
        rt1_0.token,
        rt1_0.user_id 
    from
        refresh_tokens rt1_0
Hibernate: 
    select
        u1_0.id,
        u1_0.created_at,
        u1_0.email,
        u1_0.enabled,
        u1_0.first_name,
        u1_0.last_name,
        u1_0.organization_id,
        u1_0.password,
        u1_0.role,
        u1_0.updated_at 
    from
        users u1_0
Hibernate: 
    select
        u1_0.id 
    from
        users u1_0 
    where
        u1_0.email=? 
    fetch
        first ? rows only
Hibernate: 
    select
        o1_0.id,
        o1_0.created_at,
        o1_0.name,
        o1_0.updated_at 
    from
        organizations o1_0 
    where
        o1_0.name=?
Hibernate: 
    select
        rt1_0.id,
        rt1_0.expiry_date,
        rt1_0.token,
        rt1_0.user_id 
    from
        refresh_tokens rt1_0 
    where
        rt1_0.user_id=?
Hibernate: 
    insert 
    into
        organizations
        (created_at, name, updated_at, id) 
    values
        (?, ?, ?, ?)
Hibernate: 
    insert 
    into
        users
        (created_at, email, enabled, first_name, last_name, organization_id, password, role, updated_at, id) 
    values
        (?, ?, ?, ?, ?, ?, ?, ?, ?, ?)
Hibernate: 
    insert 
    into
        refresh_tokens
        (expiry_date, token, user_id, id) 
    values
        (?, ?, ?, ?)
Hibernate: 
    select
        rt1_0.id,
        rt1_0.expiry_date,
        rt1_0.token,
        rt1_0.user_id 
    from
        refresh_tokens rt1_0 
    where
        rt1_0.token=?
Hibernate: 
    select
        rt1_0.id,
        rt1_0.expiry_date,
        rt1_0.token,
        rt1_0.user_id 
    from
        refresh_tokens rt1_0 
    where
        rt1_0.token=?
Hibernate: 
    update
        refresh_tokens 
    set
        expiry_date=?,
        token=?,
        user_id=? 
    where
        id=?
Hibernate: 
    select
        rt1_0.id,
        rt1_0.expiry_date,
        rt1_0.token,
        rt1_0.user_id 
    from
        refresh_tokens rt1_0 
    where
        rt1_0.token=?
Hibernate: 
    delete 
    from
        refresh_tokens 
    where
        id=?
Hibernate: 
    select
        rt1_0.id,
        rt1_0.expiry_date,
        rt1_0.token,
        rt1_0.user_id 
    from
        refresh_tokens rt1_0 
    where
        rt1_0.token=?
]]></system-out>
  </testcase>
</testsuite>