<?xml version="1.0" encoding="UTF-8"?>
<testsuite xmlns:xsi="http://www.w3.org/2001/XMLSchema-instance" xsi:noNamespaceSchemaLocation="https://maven.apache.org/surefire/maven-surefire-plugin/xsd/surefire-test-report-3.0.xsd" version="3.0" name="com.chronos.execution.service.ExecutionServiceTest" time="0.715" tests="3" errors="0" skipped="0" failures="0">
  <properties>
[...]
</properties>
  <testcase name="testDuplicateKafkaEventDoesNotCreateDuplicateExecution" classname="com.chronos.execution.service.ExecutionServiceTest" time="0.477">
    <system-out><![CDATA[2026-08-14T22:09:52.910+05:30  INFO 20496 --- [execution-service] [           main] t.c.s.AnnotationConfigContextLoaderUtils : Could not detect default configuration classes for test class [com.chronos.execution.service.ExecutionServiceTest]: ExecutionServiceTest does not declare any static, non-private, non-final, nested classes annotated with @Configuration.
2026-08-14T22:09:52.959+05:30  INFO 20496 --- [execution-service] [           main] .b.t.c.SpringBootTestContextBootstrapper : Found @SpringBootConfiguration com.chronos.execution.ExecutionServiceApplication for test class com.chronos.execution.service.ExecutionServiceTest
2026-08-14T22:09:53.013+05:30  INFO 20496 --- [execution-service] [           main] c.c.execution.service.ExecutionService   : Execution created: executionId=1a52fb17-0d93-4d4d-b738-d983c4e6b0ac, jobId=870533e2-2633-443b-b618-25b97dc096fe, organizationId=f3301da8-ab3d-4220-97f1-2a5c66637a31, status=PENDING
2026-08-14T22:09:53.020+05:30  INFO 20496 --- [execution-service] [           main] c.c.execution.service.ExecutionService   : Duplicate event ignored: eventId=924b207d-b555-4f44-b37a-dca9a3832a3a, existingExecutionId=1a52fb17-0d93-4d4d-b738-d983c4e6b0ac
2026-08-14T22:09:53.295+05:30  INFO 20496 --- [execution-service] [ntainer#0-0-C-1] o.a.k.c.c.internals.ConsumerCoordinator  : [Consumer clientId=consumer-chronos-execution-service-1, groupId=chronos-execution-service] Request joining group due to: group is already rebalancing
2026-08-14T22:09:53.297+05:30  INFO 20496 --- [execution-service] [ntainer#0-0-C-1] k.c.c.i.ConsumerRebalanceListenerInvoker : [Consumer clientId=consumer-chronos-execution-service-1, groupId=chronos-execution-service] Revoke previously assigned partitions job.triggered-0
2026-08-14T22:09:53.298+05:30  INFO 20496 --- [execution-service] [ntainer#0-0-C-1] o.s.k.l.KafkaMessageListenerContainer    : chronos-execution-service: partitions revoked: [job.triggered-0]
2026-08-14T22:09:53.298+05:30  INFO 20496 --- [execution-service] [ntainer#0-0-C-1] o.a.k.c.c.internals.ConsumerCoordinator  : [Consumer clientId=consumer-chronos-execution-service-1, groupId=chronos-execution-service] (Re-)joining group
2026-08-14T22:09:53.305+05:30  INFO 20496 --- [execution-service] [ntainer#0-0-C-1] o.a.k.c.c.internals.ConsumerCoordinator  : [Consumer clientId=consumer-chronos-execution-service-2, groupId=chronos-execution-service] Successfully joined group with generation Generation{generationId=5, memberId='consumer-chronos-execution-service-2-46102249-101d-4a8b-82b5-02b24fe3c045', protocol='range'}
2026-08-14T22:09:53.306+05:30  INFO 20496 --- [execution-service] [ntainer#0-0-C-1] o.a.k.c.c.internals.ConsumerCoordinator  : [Consumer clientId=consumer-chronos-execution-service-1, groupId=chronos-execution-service] Successfully joined group with generation Generation{generationId=5, memberId='consumer-chronos-execution-service-1-49b587d6-c7c4-4aa1-b27e-12d394a0af2e', protocol='range'}
2026-08-14T22:09:53.307+05:30  INFO 20496 --- [execution-service] [ntainer#0-0-C-1] o.a.k.c.c.internals.ConsumerCoordinator  : [Consumer clientId=consumer-chronos-execution-service-1, groupId=chronos-execution-service] Finished assignment for group at generation 5: {consumer-chronos-execution-service-1-49b587d6-c7c4-4aa1-b27e-12d394a0af2e=Assignment(partitions=[job.triggered-0]), consumer-chronos-execution-service-2-46102249-101d-4a8b-82b5-02b24fe3c045=Assignment(partitions=[])}
2026-08-14T22:09:53.315+05:30  INFO 20496 --- [execution-service] [ntainer#0-0-C-1] o.a.k.c.c.internals.ConsumerCoordinator  : [Consumer clientId=consumer-chronos-execution-service-2, groupId=chronos-execution-service] Successfully synced group in generation Generation{generationId=5, memberId='consumer-chronos-execution-service-2-46102249-101d-4a8b-82b5-02b24fe3c045', protocol='range'}
2026-08-14T22:09:53.316+05:30  INFO 20496 --- [execution-service] [ntainer#0-0-C-1] o.a.k.c.c.internals.ConsumerCoordinator  : [Consumer clientId=consumer-chronos-execution-service-1, groupId=chronos-execution-service] Successfully synced group in generation Generation{generationId=5, memberId='consumer-chronos-execution-service-1-49b587d6-c7c4-4aa1-b27e-12d394a0af2e', protocol='range'}
2026-08-14T22:09:53.316+05:30  INFO 20496 --- [execution-service] [ntainer#0-0-C-1] o.a.k.c.c.internals.ConsumerCoordinator  : [Consumer clientId=consumer-chronos-execution-service-2, groupId=chronos-execution-service] Notifying assignor about the new Assignment(partitions=[])
2026-08-14T22:09:53.317+05:30  INFO 20496 --- [execution-service] [ntainer#0-0-C-1] k.c.c.i.ConsumerRebalanceListenerInvoker : [Consumer clientId=consumer-chronos-execution-service-2, groupId=chronos-execution-service] Adding newly assigned partitions: 
2026-08-14T22:09:53.317+05:30  INFO 20496 --- [execution-service] [ntainer#0-0-C-1] o.a.k.c.c.internals.ConsumerCoordinator  : [Consumer clientId=consumer-chronos-execution-service-1, groupId=chronos-execution-service] Notifying assignor about the new Assignment(partitions=[job.triggered-0])
2026-08-14T22:09:53.317+05:30  INFO 20496 --- [execution-service] [ntainer#0-0-C-1] o.s.k.l.KafkaMessageListenerContainer    : chronos-execution-service: partitions assigned: []
2026-08-14T22:09:53.317+05:30  INFO 20496 --- [execution-service] [ntainer#0-0-C-1] k.c.c.i.ConsumerRebalanceListenerInvoker : [Consumer clientId=consumer-chronos-execution-service-1, groupId=chronos-execution-service] Adding newly assigned partitions: job.triggered-0
2026-08-14T22:09:53.322+05:30  INFO 20496 --- [execution-service] [ntainer#0-0-C-1] o.a.k.c.c.internals.ConsumerCoordinator  : [Consumer clientId=consumer-chronos-execution-service-1, groupId=chronos-execution-service] Found no committed offset for partition job.triggered-0
2026-08-14T22:09:53.441+05:30  INFO 20496 --- [execution-service] [ntainer#0-0-C-1] o.a.k.c.c.internals.SubscriptionState    : [Consumer clientId=consumer-chronos-execution-service-1, groupId=chronos-execution-service] Resetting offset for partition job.triggered-0 to position FetchPosition{offset=0, offsetEpoch=Optional.empty, currentLeader=LeaderAndEpoch{leader=Optional[localhost:9092 (id: 1 rack: null)], epoch=0}}.
2026-08-14T22:09:53.442+05:30  INFO 20496 --- [execution-service] [ntainer#0-0-C-1] o.s.k.l.KafkaMessageListenerContainer    : chronos-execution-service: partitions assigned: [job.triggered-0]
]]></system-out>
  </testcase>
  <testcase name="testJobTriggeredEventCreatesPendingExecutionWithAttemptOne" classname="com.chronos.execution.service.ExecutionServiceTest" time="0.048">
    <system-out><![CDATA[2026-08-14T22:09:53.490+05:30  INFO 20496 --- [execution-service] [           main] c.c.execution.service.ExecutionService   : Execution created: executionId=1e8c9585-a1f1-463c-9304-9e667b14d9c0, jobId=48d78161-8383-45c9-9567-fa5ba8569e81, organizationId=ebe17d60-5f4e-4a65-a2ba-aba9cf0c7626, status=PENDING
]]></system-out>
  </testcase>
  <testcase name="testGetExecutionsScopedToOrganization" classname="com.chronos.execution.service.ExecutionServiceTest" time="0.103">
    <system-out><![CDATA[2026-08-14T22:09:53.544+05:30  INFO 20496 --- [execution-service] [           main] c.c.execution.service.ExecutionService   : Execution created: executionId=7f559f7d-eb95-4791-b139-d731bd42a7ff, jobId=dcabb6fa-f7fe-4c82-9db3-1c1de3d2fc39, organizationId=2a2c3ba6-7bfe-4dad-906b-c90537c9d2ed, status=PENDING
2026-08-14T22:09:53.563+05:30  INFO 20496 --- [execution-service] [           main] c.c.execution.service.ExecutionService   : Execution created: executionId=b0e308c0-1e39-44d6-afba-a29cca23160c, jobId=64f3baba-1534-4430-9dc9-09ca352c533a, organizationId=e5fb8ce3-9c67-4750-9bf3-739001ac68da, status=PENDING
]]></system-out>
  </testcase>
</testsuite>