<?xml version="1.0" encoding="UTF-8"?>
<testsuite xmlns:xsi="http://www.w3.org/2001/XMLSchema-instance" xsi:noNamespaceSchemaLocation="https://maven.apache.org/surefire/maven-surefire-plugin/xsd/surefire-test-report-3.0.xsd" version="3.0" name="com.chronos.execution.service.ExecutionServiceTest" time="1.518" tests="7" errors="0" skipped="0" failures="0">
  <properties>
[...]
</properties>
  <testcase name="testDuplicateFailureEventDoesNotScheduleDuplicateRetry" classname="com.chronos.execution.service.ExecutionServiceTest" time="0.091">
    <system-out><![CDATA[2026-08-19T12:51:55.928+05:30  INFO 16532 --- [execution-service] [           main] t.c.s.AnnotationConfigContextLoaderUtils : Could not detect default configuration classes for test class [com.chronos.execution.service.ExecutionServiceTest]: ExecutionServiceTest does not declare any static, non-private, non-final, nested classes annotated with @Configuration.
2026-08-19T12:51:55.956+05:30  INFO 16532 --- [execution-service] [           main] .b.t.c.SpringBootTestContextBootstrapper : Found @SpringBootConfiguration com.chronos.execution.ExecutionServiceApplication for test class com.chronos.execution.service.ExecutionServiceTest
2026-08-19T12:51:56.011+05:30  INFO 16532 --- [execution-service] [           main] c.c.execution.service.ExecutionService   : Execution created: executionId=bdcb34e3-41e9-40e8-bf5c-12f01447e05d, jobId=4a3cbaf4-e1d9-4dfd-8882-1b0c05aff200, organizationId=69300b92-a889-4f2b-aa92-60d7c7e8b0ea, status=PENDING
2026-08-19T12:51:56.015+05:30  INFO 16532 --- [execution-service] [           main] c.c.execution.service.ExecutionService   : Execution failed: executionId=bdcb34e3-41e9-40e8-bf5c-12f01447e05d, attempt=1
2026-08-19T12:51:56.049+05:30  INFO 16532 --- [execution-service] [           main] c.c.execution.service.ExecutionService   : Retry scheduled: executionId=bdcb34e3-41e9-40e8-bf5c-12f01447e05d, nextAttempt=2, retryAt=2026-08-19T07:22:06.015646400Z
2026-08-19T12:51:56.050+05:30  INFO 16532 --- [execution-service] [           main] c.c.execution.service.ExecutionService   : Execution already in terminal state or retry scheduled (RETRY_SCHEDULED) for executionId=bdcb34e3-41e9-40e8-bf5c-12f01447e05d, skipping duplicate failure event
]]></system-out>
  </testcase>
  <testcase name="testHandleExecutionCompletedUpdatesStatusToSucceeded" classname="com.chronos.execution.service.ExecutionServiceTest" time="0.044">
    <system-out><![CDATA[2026-08-19T12:51:56.093+05:30  INFO 16532 --- [execution-service] [           main] c.c.execution.service.ExecutionService   : Execution created: executionId=fa6d5ecd-cdd6-4112-949f-78f57e325af9, jobId=10523a06-a3a1-4516-9fcf-71d4dfff0061, organizationId=60cdd087-b0f0-4eb4-9b2e-e04eea949862, status=PENDING
2026-08-19T12:51:56.101+05:30  INFO 16532 --- [execution-service] [           main] c.c.execution.service.ExecutionService   : Execution completed: executionId=fa6d5ecd-cdd6-4112-949f-78f57e325af9, status=SUCCEEDED, workerId=worker-local-1
]]></system-out>
  </testcase>
  <testcase name="testFirstExecutionFailureTriggersRetryAndCalculatesExponentialBackoff" classname="com.chronos.execution.service.ExecutionServiceTest" time="0.105">
    <system-out><![CDATA[2026-08-19T12:51:56.179+05:30  INFO 16532 --- [execution-service] [           main] c.c.execution.service.ExecutionService   : Execution created: executionId=c054e222-4944-4343-9328-052fed12ef61, jobId=a0ccb7c5-73d1-47de-b9fe-699ddc764f71, organizationId=61a0d691-1277-4a58-88bd-bbfbfe18a2f3, status=PENDING
2026-08-19T12:51:56.183+05:30  INFO 16532 --- [execution-service] [           main] c.c.execution.service.ExecutionService   : Execution failed: executionId=c054e222-4944-4343-9328-052fed12ef61, attempt=1
2026-08-19T12:51:56.188+05:30  INFO 16532 --- [execution-service] [           main] c.c.execution.service.ExecutionService   : Retry scheduled: executionId=c054e222-4944-4343-9328-052fed12ef61, nextAttempt=2, retryAt=2026-08-19T07:22:06.183036800Z
]]></system-out>
  </testcase>
  <testcase name="testJobTriggeredEventCreatesPendingExecutionAndDispatchesEvent" classname="com.chronos.execution.service.ExecutionServiceTest" time="0.118">
    <system-out><![CDATA[2026-08-19T12:51:56.356+05:30  INFO 16532 --- [execution-service] [           main] c.c.execution.service.ExecutionService   : Execution created: executionId=b8f30c9e-1cf8-47d9-afde-d82580122b34, jobId=4a785c34-c3c3-476e-9e4b-a8a932a9b81e, organizationId=2fbe2558-9428-4ec9-abd0-c5c3ebfdd6e5, status=PENDING
]]></system-out>
  </testcase>
  <testcase name="testDuplicateKafkaEventDoesNotCreateDuplicateExecution" classname="com.chronos.execution.service.ExecutionServiceTest" time="0.947">
    <system-out><![CDATA[2026-08-19T12:51:56.429+05:30  INFO 16532 --- [execution-service] [           main] c.c.execution.service.ExecutionService   : Execution created: executionId=13bdce78-100c-46e3-a78b-72de5a3863dd, jobId=08be4969-a77a-4c30-88f2-0c13d7a4e93a, organizationId=595d285f-0cf9-4fcb-bb81-e4aed32fbce7, status=PENDING
2026-08-19T12:51:56.437+05:30  INFO 16532 --- [execution-service] [           main] c.c.execution.service.ExecutionService   : Duplicate event ignored: eventId=6649a1fd-912e-4b12-8a73-d238e39669f6, existingExecutionId=13bdce78-100c-46e3-a78b-72de5a3863dd
]]></system-out>
  </testcase>
  <testcase name="testSecondExecutionFailureCalculatesExponentialBackoffCorrectly" classname="com.chronos.execution.service.ExecutionServiceTest" time="0.051">
    <system-out><![CDATA[2026-08-19T12:51:57.346+05:30  INFO 16532 --- [execution-service] [           main] c.c.execution.service.ExecutionService   : Execution created: executionId=bb6031d5-dfcb-4dd0-93c6-5223336f9347, jobId=09b9d05b-a3f1-422c-880d-c47a2403a665, organizationId=9853a1de-7ce4-42e5-834a-8492c423be64, status=PENDING
2026-08-19T12:51:57.357+05:30  INFO 16532 --- [execution-service] [           main] c.c.execution.service.ExecutionService   : Execution failed: executionId=bb6031d5-dfcb-4dd0-93c6-5223336f9347, attempt=2
2026-08-19T12:51:57.363+05:30  INFO 16532 --- [execution-service] [           main] c.c.execution.service.ExecutionService   : Retry scheduled: executionId=bb6031d5-dfcb-4dd0-93c6-5223336f9347, nextAttempt=3, retryAt=2026-08-19T07:22:17.359036300Z
]]></system-out>
  </testcase>
  <testcase name="testFailureAfterMaxRetriesExhaustedRoutesToDlq" classname="com.chronos.execution.service.ExecutionServiceTest" time="0.065">
    <system-out><![CDATA[2026-08-19T12:51:57.404+05:30  INFO 16532 --- [execution-service] [           main] c.c.execution.service.ExecutionService   : Execution created: executionId=7db8af0c-55a3-4261-9b26-7b662bf2a36f, jobId=bbdd21c3-7246-4218-9e61-8733b7a6fc6e, organizationId=fb65fd06-ab79-4ea0-a89d-29aac22c5f8e, status=PENDING
2026-08-19T12:51:57.410+05:30  INFO 16532 --- [execution-service] [           main] c.c.execution.service.ExecutionService   : Execution failed: executionId=7db8af0c-55a3-4261-9b26-7b662bf2a36f, attempt=4
2026-08-19T12:51:57.424+05:30  INFO 16532 --- [execution-service] [           main] c.c.execution.service.ExecutionService   : Max retries exhausted: executionId=7db8af0c-55a3-4261-9b26-7b662bf2a36f
2026-08-19T12:51:57.428+05:30  INFO 16532 --- [execution-service] [           main] c.c.execution.service.ExecutionService   : Published to DLQ: executionId=7db8af0c-55a3-4261-9b26-7b662bf2a36f
]]></system-out>
  </testcase>
</testsuite>