<?xml version="1.0" encoding="UTF-8"?>
<testsuite xmlns:xsi="http://www.w3.org/2001/XMLSchema-instance" xsi:noNamespaceSchemaLocation="https://maven.apache.org/surefire/maven-surefire-plugin/xsd/surefire-test-report-3.0.xsd" version="3.0" name="com.chronos.gateway.GatewayRoutingTest" time="3.36" tests="6" errors="0" skipped="0" failures="0">
  <properties>
[...]
</properties>
  <testcase name="testRefreshRouting" classname="com.chronos.gateway.GatewayRoutingTest" time="0.328">
    <system-out><![CDATA[2026-08-13T22:49:25.645+05:30  INFO 15800 --- [gateway-service] [           main] t.c.s.AnnotationConfigContextLoaderUtils : Could not detect default configuration classes for test class [com.chronos.gateway.GatewayRoutingTest]: GatewayRoutingTest does not declare any static, non-private, non-final, nested classes annotated with @Configuration.
2026-08-13T22:49:25.654+05:30  INFO 15800 --- [gateway-service] [           main] .b.t.c.SpringBootTestContextBootstrapper : Found @SpringBootConfiguration com.chronos.gateway.GatewayServiceApplication for test class com.chronos.gateway.GatewayRoutingTest

  .   ____          _            __ _ _
 /\\ / ___'_ __ _ _(_)_ __  __ _ \ \ \ \
( ( )\___ | '_ | '_| | '_ \/ _` | \ \ \ \
 \\/  ___)| |_)| | | | | || (_| |  ) ) ) )
  '  |____| .__|_| |_|_| |_\__, | / / / /
 =========|_|==============|___/=/_/_/_/

 :: Spring Boot ::                (v3.3.2)

2026-08-13T22:49:25.756+05:30  INFO 15800 --- [gateway-service] [           main] com.chronos.gateway.GatewayRoutingTest   : Starting GatewayRoutingTest using Java 21.0.11 with PID 15800 (started by naajis in C:\chronos\backend\gateway-service)
2026-08-13T22:49:25.756+05:30  INFO 15800 --- [gateway-service] [           main] com.chronos.gateway.GatewayRoutingTest   : No active profile set, falling back to 1 default profile: "default"
2026-08-13T22:49:26.385+05:30  INFO 15800 --- [gateway-service] [           main] o.s.cloud.context.scope.GenericScope     : BeanFactory id=6bf4f54f-4dd0-3db3-81d3-733aa60fbd8e
2026-08-13T22:49:28.143+05:30  INFO 15800 --- [gateway-service] [           main] o.s.c.g.r.RouteDefinitionRouteLocator    : Loaded RoutePredicateFactory [After]
2026-08-13T22:49:28.144+05:30  INFO 15800 --- [gateway-service] [           main] o.s.c.g.r.RouteDefinitionRouteLocator    : Loaded RoutePredicateFactory [Before]
2026-08-13T22:49:28.144+05:30  INFO 15800 --- [gateway-service] [           main] o.s.c.g.r.RouteDefinitionRouteLocator    : Loaded RoutePredicateFactory [Between]
2026-08-13T22:49:28.144+05:30  INFO 15800 --- [gateway-service] [           main] o.s.c.g.r.RouteDefinitionRouteLocator    : Loaded RoutePredicateFactory [Cookie]
2026-08-13T22:49:28.144+05:30  INFO 15800 --- [gateway-service] [           main] o.s.c.g.r.RouteDefinitionRouteLocator    : Loaded RoutePredicateFactory [Header]
2026-08-13T22:49:28.144+05:30  INFO 15800 --- [gateway-service] [           main] o.s.c.g.r.RouteDefinitionRouteLocator    : Loaded RoutePredicateFactory [Host]
2026-08-13T22:49:28.144+05:30  INFO 15800 --- [gateway-service] [           main] o.s.c.g.r.RouteDefinitionRouteLocator    : Loaded RoutePredicateFactory [Method]
2026-08-13T22:49:28.144+05:30  INFO 15800 --- [gateway-service] [           main] o.s.c.g.r.RouteDefinitionRouteLocator    : Loaded RoutePredicateFactory [Path]
2026-08-13T22:49:28.144+05:30  INFO 15800 --- [gateway-service] [           main] o.s.c.g.r.RouteDefinitionRouteLocator    : Loaded RoutePredicateFactory [Query]
2026-08-13T22:49:28.144+05:30  INFO 15800 --- [gateway-service] [           main] o.s.c.g.r.RouteDefinitionRouteLocator    : Loaded RoutePredicateFactory [ReadBody]
2026-08-13T22:49:28.144+05:30  INFO 15800 --- [gateway-service] [           main] o.s.c.g.r.RouteDefinitionRouteLocator    : Loaded RoutePredicateFactory [RemoteAddr]
2026-08-13T22:49:28.144+05:30  INFO 15800 --- [gateway-service] [           main] o.s.c.g.r.RouteDefinitionRouteLocator    : Loaded RoutePredicateFactory [XForwardedRemoteAddr]
2026-08-13T22:49:28.144+05:30  INFO 15800 --- [gateway-service] [           main] o.s.c.g.r.RouteDefinitionRouteLocator    : Loaded RoutePredicateFactory [Weight]
2026-08-13T22:49:28.144+05:30  INFO 15800 --- [gateway-service] [           main] o.s.c.g.r.RouteDefinitionRouteLocator    : Loaded RoutePredicateFactory [CloudFoundryRouteService]
2026-08-13T22:49:28.269+05:30  INFO 15800 --- [gateway-service] [           main] o.s.b.a.e.web.EndpointLinksResolver      : Exposing 1 endpoint beneath base path '/actuator'
2026-08-13T22:49:28.399+05:30  INFO 15800 --- [gateway-service] [           main] o.s.b.web.embedded.netty.NettyWebServer  : Netty started on port 55123 (http)
2026-08-13T22:49:28.420+05:30  INFO 15800 --- [gateway-service] [           main] com.chronos.gateway.GatewayRoutingTest   : Started GatewayRoutingTest in 2.757 seconds (process running for 15.627)
2026-08-13T22:49:28.706+05:30  INFO 15800 --- [gateway-service] [qtp860538473-71] WireMock                                 : Request received:
127.0.0.1 - POST /api/v1/auth/refresh

WebTestClient-Request-Id: [1]
Content-Type: [application/json]
Content-Length: [30]
Forwarded: [proto=null;host=null]
X-Forwarded-Port: [80]
User-Agent: [ReactorNetty/1.1.21]
Host: [localhost:12441]
Accept: [*/*]
{"refreshToken":"refresh-123"}


Matched response definition:
{
  "status" : 200,
  "body" : "{\"accessToken\":\"access-456\",\"refreshToken\":\"refresh-456\"}",
  "headers" : {
    "Content-Type" : "application/json"
  }
}

Response:
HTTP/1.1 200
Content-Type: [application/json]
Matched-Stub-Id: [3749f46c-3f85-4c00-a258-ba81f36c158b]

]]></system-out>
  </testcase>
  <testcase name="testCorsConfigurationForAllowedOrigin" classname="com.chronos.gateway.GatewayRoutingTest" time="0.012"/>
  <testcase name="contextLoadsAndHealthCheckWorks" classname="com.chronos.gateway.GatewayRoutingTest" time="0.134"/>
  <testcase name="testRegisterRouting" classname="com.chronos.gateway.GatewayRoutingTest" time="0.017">
    <system-out><![CDATA[2026-08-13T22:49:28.918+05:30  INFO 15800 --- [gateway-service] [qtp860538473-56] WireMock                                 : Request received:
127.0.0.1 - POST /api/v1/auth/register

WebTestClient-Request-Id: [4]
Content-Type: [application/json]
Content-Length: [53]
Forwarded: [proto=null;host=null]
X-Forwarded-Port: [80]
User-Agent: [ReactorNetty/1.1.21]
Host: [localhost:12441]
Accept: [*/*]
{"email":"test@example.com","password":"password123"}


Matched response definition:
{
  "status" : 201,
  "body" : "{\"id\":\"user-123\",\"email\":\"test@example.com\"}",
  "headers" : {
    "Content-Type" : "application/json"
  }
}

Response:
HTTP/1.1 201
Content-Type: [application/json]
Matched-Stub-Id: [af3b63ae-bb9b-4e95-af4c-595edf883c8e]

]]></system-out>
  </testcase>
  <testcase name="testAuthorizationHeaderForwarding" classname="com.chronos.gateway.GatewayRoutingTest" time="0.028">
    <system-out><![CDATA[2026-08-13T22:49:28.943+05:30  INFO 15800 --- [gateway-service] [qtp860538473-69] WireMock                                 : Request received:
127.0.0.1 - POST /api/v1/auth/refresh

WebTestClient-Request-Id: [5]
Authorization: [Bearer sample-token-123]
Content-Type: [application/json]
Content-Length: [30]
Forwarded: [proto=null;host=null]
X-Forwarded-Port: [80]
User-Agent: [ReactorNetty/1.1.21]
Host: [localhost:12441]
Accept: [*/*]
{"refreshToken":"refresh-123"}


Matched response definition:
{
  "status" : 200,
  "body" : "{\"accessToken\":\"new-token\"}",
  "headers" : {
    "Content-Type" : "application/json"
  }
}

Response:
HTTP/1.1 200
Content-Type: [application/json]
Matched-Stub-Id: [3f0e8f0c-7760-4e25-b9d2-3358de10b158]

]]></system-out>
  </testcase>
  <testcase name="testLoginRouting" classname="com.chronos.gateway.GatewayRoutingTest" time="0.019">
    <system-out><![CDATA[2026-08-13T22:49:28.960+05:30  INFO 15800 --- [gateway-service] [qtp860538473-69] WireMock                                 : Request received:
127.0.0.1 - POST /api/v1/auth/login

WebTestClient-Request-Id: [6]
Content-Type: [application/json]
Content-Length: [53]
Forwarded: [proto=null;host=null]
X-Forwarded-Port: [80]
User-Agent: [ReactorNetty/1.1.21]
Host: [localhost:12441]
Accept: [*/*]
{"email":"test@example.com","password":"password123"}


Matched response definition:
{
  "status" : 200,
  "body" : "{\"accessToken\":\"access-123\",\"refreshToken\":\"refresh-123\"}",
  "headers" : {
    "Content-Type" : "application/json"
  }
}

Response:
HTTP/1.1 200
Content-Type: [application/json]
Matched-Stub-Id: [8769358a-5142-4e62-bb1a-fadcf391a31f]

]]></system-out>
  </testcase>
</testsuite>